0 info it worked if it ends with ok
1 verbose cli [ '/usr/bin/nodejs', '/usr/bin/npm', 'start' ]
2 info using npm@3.3.12
3 info using node@v5.4.0
4 verbose run-script [ 'prestart', 'start', 'poststart' ]
5 info lifecycle node-client@~prestart: node-client@
6 silly lifecycle node-client@~prestart: no script for prestart, continuing
7 info lifecycle node-client@~start: node-client@
8 verbose lifecycle node-client@~start: unsafe-perm in lifecycle true
9 verbose lifecycle node-client@~start: PATH: /usr/lib/node_modules/npm/bin/node-gyp-bin:/root/Portfolio/node_modules/.bin:/usr/local/sbin:/usr/local/bin:/usr/sbin:/usr/bin:/sbin:/bin:/usr/games:/usr/local/games
10 verbose lifecycle node-client@~start: CWD: /root/Portfolio
11 silly lifecycle node-client@~start: Args: [ '-c', 'gulp build && babel-node lib/server.js' ]
12 silly lifecycle node-client@~start: Returned: code: 1  signal: null
13 info lifecycle node-client@~start: Failed to exec start script
14 verbose stack Error: node-client@ start: `gulp build && babel-node lib/server.js`
14 verbose stack Exit status 1
14 verbose stack     at EventEmitter.<anonymous> (/usr/lib/node_modules/npm/lib/utils/lifecycle.js:232:16)
14 verbose stack     at emitTwo (events.js:87:13)
14 verbose stack     at EventEmitter.emit (events.js:172:7)
14 verbose stack     at ChildProcess.<anonymous> (/usr/lib/node_modules/npm/lib/utils/spawn.js:24:14)
14 verbose stack     at emitTwo (events.js:87:13)
14 verbose stack     at ChildProcess.emit (events.js:172:7)
14 verbose stack     at maybeClose (internal/child_process.js:821:16)
14 verbose stack     at Process.ChildProcess._handle.onexit (internal/child_process.js:211:5)
15 verbose pkgid node-client@
16 verbose cwd /root/Portfolio
17 error Linux 3.13.0-71-generic
18 error argv "/usr/bin/nodejs" "/usr/bin/npm" "start"
19 error node v5.4.0
20 error npm  v3.3.12
21 error code ELIFECYCLE
22 error node-client@ start: `gulp build && babel-node lib/server.js`
22 error Exit status 1
23 error Failed at the node-client@ start script 'gulp build && babel-node lib/server.js'.
23 error Make sure you have the latest version of node.js and npm installed.
23 error If you do, this is most likely a problem with the node-client package,
23 error not with npm itself.
23 error Tell the author that this fails on your system:
23 error     gulp build && babel-node lib/server.js
23 error You can get their info via:
23 error     npm owner ls node-client
23 error There is likely additional logging output above.
24 verbose exit [ 1, true ]
